DEBUG - 2025-08-17 13:21:58 --> Session: Class initialized using 'CodeIgniter\Session\Handlers\FileHandler' driver.
DEBUG - 2025-08-17 13:22:02 --> Session: Class initialized using 'CodeIgniter\Session\Handlers\FileHandler' driver.
CRITICAL - 2025-08-17 13:23:04 --> TypeError: CodeIgniter\Router\RouteCollection::match(): Argument #1 ($verbs) must be of type array, string given, called in /Applications/MAMP/htdocs/CodeIgniter/Sistemas/Agendamentos/6/app/Config/Routes.php on line 8
[Method: POST, Route: /]
in SYSTEMPATH/Router/RouteCollection.php on line 1018.
 1 APPPATH/Config/Routes.php(8): CodeIgniter\Router\RouteCollection->match('GET, POST', '/', 'UserController::index')
 2 SYSTEMPATH/Router/RouteCollection.php(339): require('/Applications/MAMP/htdocs/CodeIgniter/Sistemas/Agendamentos/6/app/Config/Routes.php')
 3 SYSTEMPATH/CodeIgniter.php(821): CodeIgniter\Router\RouteCollection->loadRoutes()
 4 SYSTEMPATH/CodeIgniter.php(455): CodeIgniter\CodeIgniter->tryToRouteIt(null)
 5 SYSTEMPATH/CodeIgniter.php(354): CodeIgniter\CodeIgniter->handleRequest(null, Object(Config\Cache), false)
 6 SYSTEMPATH/Boot.php(334): CodeIgniter\CodeIgniter->run()
 7 SYSTEMPATH/Boot.php(67): CodeIgniter\Boot::runCodeIgniter(Object(CodeIgniter\CodeIgniter))
 8 FCPATH/index.php(59): CodeIgniter\Boot::bootWeb(Object(Config\Paths))
CRITICAL - 2025-08-17 13:23:26 --> Error: Call to undefined method CodeIgniter\Router\RouteCollection::get, post()
[Method: POST, Route: /]
in SYSTEMPATH/Router/RouteCollection.php on line 1039.
 1 APPPATH/Config/Routes.php(8): CodeIgniter\Router\RouteCollection->match([...], '/', 'UserController::index')
 2 SYSTEMPATH/Router/RouteCollection.php(339): require('/Applications/MAMP/htdocs/CodeIgniter/Sistemas/Agendamentos/6/app/Config/Routes.php')
 3 SYSTEMPATH/CodeIgniter.php(821): CodeIgniter\Router\RouteCollection->loadRoutes()
 4 SYSTEMPATH/CodeIgniter.php(455): CodeIgniter\CodeIgniter->tryToRouteIt(null)
 5 SYSTEMPATH/CodeIgniter.php(354): CodeIgniter\CodeIgniter->handleRequest(null, Object(Config\Cache), false)
 6 SYSTEMPATH/Boot.php(334): CodeIgniter\CodeIgniter->run()
 7 SYSTEMPATH/Boot.php(67): CodeIgniter\Boot::runCodeIgniter(Object(CodeIgniter\CodeIgniter))
 8 FCPATH/index.php(59): CodeIgniter\Boot::bootWeb(Object(Config\Paths))
DEBUG - 2025-08-17 13:23:43 --> Session: Class initialized using 'CodeIgniter\Session\Handlers\FileHandler' driver.
DEBUG - 2025-08-17 13:23:49 --> Session: Class initialized using 'CodeIgniter\Session\Handlers\FileHandler' driver.
DEBUG - 2025-08-17 13:24:04 --> Session: Class initialized using 'CodeIgniter\Session\Handlers\FileHandler' driver.
